<?xml version="1.0" encoding="UTF-8"?>
<!-- Generated by org.testng.reporters.JUnitReportReporter -->
<testsuite hostname="Sudarshans-MacBook-Air.local" failures="0" tests="1" name="cucumberTestRunner.TestRunner" time="26.260" errors="0" timestamp="2024-12-17T19:50:39 IST" skipped="0">
  <testcase classname="cucumberTestRunner.TestRunner" name="runScenario" time="26.260"/>
  <system-out/>
</testsuite> <!-- cucumberTestRunner.TestRunner -->
